<?xml version="1.0" encoding="UTF-8"?>
<!-- Generated by org.testng.reporters.JUnitReportReporter -->
<testsuite skipped="0" hostname="BTDVLVIKASMA" name="readFile.ReadXMLFile" tests="1" failures="0" timestamp="29 Jun 2018 07:39:29 GMT" time="0.007" errors="0">
  <testcase name="readXMLFile" time="0.007" classname="readFile.ReadXMLFile"/>
</testsuite> <!-- readFile.ReadXMLFile -->
